<?xml version="1.0" encoding="UTF-8"?>
<!-- Generated by org.testng.reporters.JUnitXMLReporter -->
<testsuite hostname="DESKTOP-QSS6PTI" name="Default test" tests="3" failures="0" timestamp="13 Dec 2017 20:55:18 GMT" time="42.088" errors="0">
  <testcase name="Test_search" time="18.182" classname="Selenium_Testing_Gmail.Gmail_Testing.gmail_login"/>
  <testcase name="Test_login" time="11.152" classname="Selenium_Testing_Gmail.Gmail_Testing.Gmail_homepage"/>
  <testcase name="Test_frame" time="12.706" classname="Selenium_Testing_Gmail.Gmail_Testing.Frames_examples"/>
</testsuite> <!-- Default test -->
