<?xml version="1.0" encoding="UTF-8"?>
<testng-results skipped="0" failed="0" total="3" passed="3">
  <reporter-output>
  </reporter-output>
  <suite name="Default suite" duration-ms="42088" started-at="2017-12-13T20:54:36Z" finished-at="2017-12-13T20:55:18Z">
    <groups>
    </groups>
    <test name="Default test" duration-ms="42088" started-at="2017-12-13T20:54:36Z" finished-at="2017-12-13T20:55:18Z">
      <class name="Selenium_Testing_Gmail.Gmail_Testing.gmail_login">
        <test-method status="PASS" signature="Test_search()[pri:0, instance:Selenium_Testing_Gmail.Gmail_Testing.gmail_login@464bee09]" name="Test_search" duration-ms="18182" started-at="2017-12-13T12:54:36Z" finished-at="2017-12-13T12:54:54Z">
          <reporter-output>
          </reporter-output>
        </test-method> <!-- Test_search -->
      </class> <!-- Selenium_Testing_Gmail.Gmail_Testing.gmail_login -->
      <class name="Selenium_Testing_Gmail.Gmail_Testing.Frames_examples">
        <test-method status="PASS" signature="Test_frame()[pri:0, instance:Selenium_Testing_Gmail.Gmail_Testing.Frames_examples@3abbfa04]" name="Test_frame" duration-ms="12706" started-at="2017-12-13T12:55:05Z" finished-at="2017-12-13T12:55:18Z">
          <reporter-output>
          </reporter-output>
        </test-method> <!-- Test_frame -->
      </class> <!-- Selenium_Testing_Gmail.Gmail_Testing.Frames_examples -->
      <class name="Selenium_Testing_Gmail.Gmail_Testing.Gmail_homepage">
        <test-method status="PASS" signature="Test_login()[pri:0, instance:Selenium_Testing_Gmail.Gmail_Testing.Gmail_homepage@239963d8]" name="Test_login" duration-ms="11152" started-at="2017-12-13T12:54:54Z" finished-at="2017-12-13T12:55:05Z">
          <reporter-output>
          </reporter-output>
        </test-method> <!-- Test_login -->
      </class> <!-- Selenium_Testing_Gmail.Gmail_Testing.Gmail_homepage -->
    </test> <!-- Default test -->
  </suite> <!-- Default suite -->
</testng-results>
